<html>
<body>
<pre>
<h1>µVision Build Log</h1>
<h2>Tool Versions:</h2>
IDE-Version: ¶ÃVision V5.24.2.0
Copyright (C) 2017 ARM Ltd and ARM Germany GmbH. All rights reserved.
License Information: A wowLin, A, LIC=14HV2-9BIPE-EV51R-KVIHL-8LH2B-X5CEB
 
Tool Versions:
Toolchain:       MDK-ARM Plus  Version: 5.24.1
Toolchain Path:  D:\Keil5\ARM\ARMCC\Bin
C Compiler:      Armcc.exe V5.06 update 5 (build 528)
Assembler:       Armasm.exe V5.06 update 5 (build 528)
Linker/Locator:  ArmLink.exe V5.06 update 5 (build 528)
Library Manager: ArmAr.exe V5.06 update 5 (build 528)
Hex Converter:   FromElf.exe V5.06 update 5 (build 528)
CPU DLL:         SARMCM3.DLL V5.24.1
Dialog DLL:      DARMSTM.DLL V1.68.0.0
Target DLL:      STLink\ST-LINKIII-KEIL_SWO.dll V3.0.1.0
Dialog DLL:      TARMSTM.DLL V1.66.0.0
 
<h2>Project:</h2>
D:\STM32Project\∆Ω∫‚–°≥µ\≤‚ ‘\USER\UpStanding_Car.uvprojx
Project File Date:  03/21/2025

<h2>Output:</h2>
*** Using Compiler 'V5.06 update 5 (build 528)', folder: 'D:\Keil5\ARM\ARMCC\Bin'
Build target 'UpStanding_Car'
compiling main.c...
main.c(65): warning:  #223-D: function "PBout" declared implicitly
  			
RIG=1;          
main.c(65): error:  #137: expression must be a modifiable lvalue
  			
RIG=1;          
main.c(66): warning:  #223-D: function "delay_us" declared implicitly
  			delay_us(20);    
main.c(67): error:  #137: expression must be a modifiable lvalue
  			
RIG=0;          
main.c(69): warning:  #223-D: function "PBin" declared implicitly
  			while(
CHO==0)
main.c(74): error:  #137: expression must be a modifiable lvalue
  				{	
RIG=1;          
main.c(76): error:  #137: expression must be a modifiable lvalue
  					
RIG=0;cnt_i=0;          
main.c(91): warning:  #223-D: function "delay_ms" declared implicitly
  			delay_ms(100);
main.c(100): warning:  #223-D: function "delay_init" declared implicitly
  	delay_init();
main.c(101): warning:  #223-D: function "NVIC_Config" declared implicitly
  	NVIC_Config();
main.c(102): warning:  #223-D: function "uart1_init" declared implicitly
  	uart1_init(115200);	
main.c(106): warning:  #223-D: function "uart3_init" declared implicitly
  	uart3_init(9600);
main.c(111): warning:  #223-D: function "MPU_Init" declared implicitly
  	MPU_Init();
main.c(112): warning:  #223-D: function "mpu_dmp_init" declared implicitly
  	mpu_dmp_init();
main.c(113): warning:  #223-D: function "MPU6050_EXTI_Init" declared implicitly
  	MPU6050_EXTI_Init();
main.c(115): warning:  #223-D: function "Encoder_TIM2_Init" declared implicitly
  	Encoder_TIM2_Init();
main.c(116): warning:  #223-D: function "Encoder_TIM4_Init" declared implicitly
  	Encoder_TIM4_Init();
main.c(117): warning:  #223-D: function "Motor_Init" declared implicitly
  	Motor_Init();
main.c(118): warning:  #223-D: function "PWM_Init_TIM1" declared implicitly
  	PWM_Init_TIM1(0,7199);
main.c: 15 warnings, 4 errors
"..\OBJ\UpStanding_Car.axf" - 4 Error(s), 15 Warning(s).

<h2>Software Packages used:</h2>

Package Vendor: ARM
                http://www.keil.com/pack/ARM.CMSIS.5.0.1.pack
                ARM.CMSIS.5.0.1
                CMSIS (Cortex Microcontroller Software Interface Standard)
   * Component: CORE Version: 5.0.1

Package Vendor: Keil
                http://www.keil.com/pack/Keil.STM32F1xx_DFP.2.2.0.pack
                Keil.STM32F1xx_DFP.2.2.0
                STMicroelectronics STM32F1 Series Device Support, Drivers and Examples

<h2>Collection of Component include folders:</h2>
  .\RTE\_UpStanding_Car
  D:\Keil5\ARM\PACK\ARM\CMSIS\5.0.1\CMSIS\Include
  D:\Keil5\ARM\PACK\Keil\STM32F1xx_DFP\2.2.0\Device\Include

<h2>Collection of Component Files used:</h2>

   * Component: ARM::CMSIS:CORE:5.0.1
Target not created.
Build Time Elapsed:  00:00:00
</pre>
</body>
</html>
